2025-10-23 14:56:59,258 INFO: Microblog startup [in C:\Users\Miha\BankApp2\FlaskPractice\app\__init__.py:41]
2025-10-23 14:57:03,488 ERROR: Exception on /unfollow/orns [POST] [in C:\Users\Miha\BankApp2\venv\Lib\site-packages\flask\app.py:875]
Traceback (most recent call last):
  File "C:\Users\Miha\BankApp2\venv\Lib\site-packages\flask\app.py", line 1511, in wsgi_app
    response = self.full_dispatch_request()
  File "C:\Users\Miha\BankApp2\venv\Lib\site-packages\flask\app.py", line 919, in full_dispatch_request
    rv = self.handle_user_exception(e)
  File "C:\Users\Miha\BankApp2\venv\Lib\site-packages\flask\app.py", line 917, in full_dispatch_request
    rv = self.dispatch_request()
  File "C:\Users\Miha\BankApp2\venv\Lib\site-packages\flask\app.py", line 902, in dispatch_request
    return self.ensure_sync(self.view_functions[rule.endpoint])(**view_args)  # type: ignore[no-any-return]
           ~~~~~~~~~~~~~~~~~~~~~~~~~~~~~~~~~~~~~~~~~~~~~~~~~~~~^^^^^^^^^^^^^
  File "C:\Users\Miha\BankApp2\venv\Lib\site-packages\flask_login\utils.py", line 290, in decorated_view
    return current_app.ensure_sync(func)(*args, **kwargs)
           ~~~~~~~~~~~~~~~~~~~~~~~~~~~~~^^^^^^^^^^^^^^^^^
  File "C:\Users\Miha\BankApp2\FlaskPractice\app\routes.py", line 136, in unfollow
    return redirect('user', username = username)
TypeError: redirect() got an unexpected keyword argument 'username'
2025-10-23 14:58:33,205 INFO: Microblog startup [in C:\Users\Miha\BankApp2\FlaskPractice\app\__init__.py:41]
2025-10-23 14:59:23,537 INFO: Microblog startup [in C:\Users\Miha\BankApp2\FlaskPractice\app\__init__.py:41]
2025-10-23 21:30:54,153 INFO: Microblog startup [in C:\Users\Miha\BankApp2\FlaskPractice\app\__init__.py:41]
2025-10-23 21:30:54,198 INFO: Microblog startup [in C:\Users\Miha\BankApp2\FlaskPractice\app\__init__.py:41]
2025-10-23 21:30:54,198 INFO: Microblog startup [in C:\Users\Miha\BankApp2\FlaskPractice\app\__init__.py:41]
2025-10-23 21:31:13,683 INFO: Microblog startup [in C:\Users\Miha\BankApp2\FlaskPractice\app\__init__.py:41]
2025-10-23 21:32:20,664 INFO: Microblog startup [in C:\Users\Miha\BankApp2\FlaskPractice\app\__init__.py:41]
2025-10-25 15:08:22,383 INFO: Microblog startup [in C:\Users\Miha\BankApp2\FlaskPractice\app\__init__.py:41]
2025-10-25 15:08:26,478 INFO: Microblog startup [in C:\Users\Miha\BankApp2\FlaskPractice\app\__init__.py:41]
2025-11-07 19:27:04,392 INFO: Microblog startup [in C:\Users\Miha\BankApp2\FlaskPractice\app\__init__.py:41]
2025-11-07 19:27:20,462 ERROR: Exception on /index [GET] [in C:\Users\Miha\BankApp2\venv\Lib\site-packages\flask\app.py:875]
Traceback (most recent call last):
  File "C:\Users\Miha\BankApp2\venv\Lib\site-packages\flask\app.py", line 1511, in wsgi_app
    response = self.full_dispatch_request()
  File "C:\Users\Miha\BankApp2\venv\Lib\site-packages\flask\app.py", line 919, in full_dispatch_request
    rv = self.handle_user_exception(e)
  File "C:\Users\Miha\BankApp2\venv\Lib\site-packages\flask\app.py", line 917, in full_dispatch_request
    rv = self.dispatch_request()
  File "C:\Users\Miha\BankApp2\venv\Lib\site-packages\flask\app.py", line 902, in dispatch_request
    return self.ensure_sync(self.view_functions[rule.endpoint])(**view_args)  # type: ignore[no-any-return]
           ~~~~~~~~~~~~~~~~~~~~~~~~~~~~~~~~~~~~~~~~~~~~~~~~~~~~^^^^^^^^^^^^^
  File "C:\Users\Miha\BankApp2\venv\Lib\site-packages\flask_login\utils.py", line 290, in decorated_view
    return current_app.ensure_sync(func)(*args, **kwargs)
           ~~~~~~~~~~~~~~~~~~~~~~~~~~~~~^^^^^^^^^^^^^^^^^
  File "C:\Users\Miha\BankApp2\FlaskPractice\app\routes.py", line 24, in index
    posts = db.session.scalars(current_user.following_posts().all())
                               ^^^^^^^^^^^^^^^^^^^^^^^^^^^^^^^^^^
AttributeError: 'Select' object has no attribute 'all'
2025-11-07 19:27:22,166 ERROR: Exception on /index [GET] [in C:\Users\Miha\BankApp2\venv\Lib\site-packages\flask\app.py:875]
Traceback (most recent call last):
  File "C:\Users\Miha\BankApp2\venv\Lib\site-packages\flask\app.py", line 1511, in wsgi_app
    response = self.full_dispatch_request()
  File "C:\Users\Miha\BankApp2\venv\Lib\site-packages\flask\app.py", line 919, in full_dispatch_request
    rv = self.handle_user_exception(e)
  File "C:\Users\Miha\BankApp2\venv\Lib\site-packages\flask\app.py", line 917, in full_dispatch_request
    rv = self.dispatch_request()
  File "C:\Users\Miha\BankApp2\venv\Lib\site-packages\flask\app.py", line 902, in dispatch_request
    return self.ensure_sync(self.view_functions[rule.endpoint])(**view_args)  # type: ignore[no-any-return]
           ~~~~~~~~~~~~~~~~~~~~~~~~~~~~~~~~~~~~~~~~~~~~~~~~~~~~^^^^^^^^^^^^^
  File "C:\Users\Miha\BankApp2\venv\Lib\site-packages\flask_login\utils.py", line 290, in decorated_view
    return current_app.ensure_sync(func)(*args, **kwargs)
           ~~~~~~~~~~~~~~~~~~~~~~~~~~~~~^^^^^^^^^^^^^^^^^
  File "C:\Users\Miha\BankApp2\FlaskPractice\app\routes.py", line 24, in index
    posts = db.session.scalars(current_user.following_posts().all())
                               ^^^^^^^^^^^^^^^^^^^^^^^^^^^^^^^^^^
AttributeError: 'Select' object has no attribute 'all'
2025-11-07 19:30:53,313 ERROR: Exception on /index [GET] [in C:\Users\Miha\BankApp2\venv\Lib\site-packages\flask\app.py:875]
Traceback (most recent call last):
  File "C:\Users\Miha\BankApp2\venv\Lib\site-packages\flask\app.py", line 1511, in wsgi_app
    response = self.full_dispatch_request()
  File "C:\Users\Miha\BankApp2\venv\Lib\site-packages\flask\app.py", line 919, in full_dispatch_request
    rv = self.handle_user_exception(e)
  File "C:\Users\Miha\BankApp2\venv\Lib\site-packages\flask\app.py", line 917, in full_dispatch_request
    rv = self.dispatch_request()
  File "C:\Users\Miha\BankApp2\venv\Lib\site-packages\flask\app.py", line 902, in dispatch_request
    return self.ensure_sync(self.view_functions[rule.endpoint])(**view_args)  # type: ignore[no-any-return]
           ~~~~~~~~~~~~~~~~~~~~~~~~~~~~~~~~~~~~~~~~~~~~~~~~~~~~^^^^^^^^^^^^^
  File "C:\Users\Miha\BankApp2\venv\Lib\site-packages\flask_login\utils.py", line 290, in decorated_view
    return current_app.ensure_sync(func)(*args, **kwargs)
           ~~~~~~~~~~~~~~~~~~~~~~~~~~~~~^^^^^^^^^^^^^^^^^
  File "C:\Users\Miha\BankApp2\FlaskPractice\app\routes.py", line 24, in index
    posts = db.session.scalars(current_user.following_posts()).all()
                               ^^^^^^^^^^^^^^^^^^^^^^^^^^^^^^^^^^
AttributeError: 'Select' object has no attribute 'all'
2025-11-07 19:30:58,049 INFO: Microblog startup [in C:\Users\Miha\BankApp2\FlaskPractice\app\__init__.py:41]
